Using pre-set license

 COMMAND LINE ARGUMENTS:
/Applications/2020.3.1f1/Unity.app/Contents/MacOS/Unity
-adb2
-batchMode
-noUpm
-name
AssetImportWorker0
-projectPath
/Users/dikshujain/Unity Project/Racing
-logFile
Logs/AssetImportWorker0.log
-srvPort
52094
Successfully changed project path to: /Users/dikshujain/Unity Project/Racing
/Users/dikshujain/Unity Project/Racing
Using Asset Import Pipeline V2.
Refreshing native plugins compatible for Editor in 55.00 ms, found 1 plugins.
Preloading 0 native plugins for Editor in 0.00 ms.
Initialize engine version: 2020.3.1f1 (77a89f25062f)
[Subsystems] Discovering subsystems at path /Applications/2020.3.1f1/Unity.app/Contents/Resources/UnitySubsystems
[Subsystems] Discovering subsystems at path /Users/dikshujain/Unity Project/Racing/Assets
GfxDevice: creating device client; threaded=0
2021-06-09 15:43:56.602 Unity[3051:194904] Color LCD preferred device: Intel(R) Iris(TM) Graphics 6000 (low power)
2021-06-09 15:43:56.602 Unity[3051:194904] Metal devices available: 1
2021-06-09 15:43:56.602 Unity[3051:194904] 0: Intel(R) Iris(TM) Graphics 6000 (low power)
2021-06-09 15:43:56.603 Unity[3051:194904] Using device Intel(R) Iris(TM) Graphics 6000 (low power)
Initializing Metal device caps: Intel(R) Iris(TM) Graphics 6000
Initialize mono
Mono path[0] = '/Applications/2020.3.1f1/Unity.app/Contents/Managed'
Mono path[1] = '/Applications/2020.3.1f1/Unity.app/Contents/MonoBleedingEdge/lib/mono/unityjit'
Mono config path = '/Applications/2020.3.1f1/Unity.app/Contents/MonoBleedingEdge/etc'
Using monoOptions --debugger-agent=transport=dt_socket,embedding=1,server=y,suspend=n,address=127.0.0.1:56051
Begin MonoManager ReloadAssembly
Registering precompiled unity dll's ...
Register platform support module: /Applications/2020.3.1f1/Unity.app/Contents/PlaybackEngines/MacStandaloneSupport/UnityEditor.OSXStandalone.Extensions.dll
Register platform support module: /Applications/2020.3.1f1/PlaybackEngines/WindowsStandaloneSupport/UnityEditor.WindowsStandalone.Extensions.dll
Registered in 0.001443 seconds.
Native extension for WindowsStandalone target not found
Native extension for OSXStandalone target not found
Refreshing native plugins compatible for Editor in 61.17 ms, found 1 plugins.
Preloading 0 native plugins for Editor in 0.00 ms.
Invoked RoslynAnalysisRunner static constructor.
RoslynAnalysisRunner will not be running.
RoslynAnalysisRunner has terminated.
Mono: successfully reloaded assembly
- Completed reload, in  5.610 seconds
Platform modules already initialized, skipping
Registering precompiled user dll's ...
Registered in 0.003071 seconds.
Begin MonoManager ReloadAssembly
Symbol file LoadedFromMemory is not a mono symbol file
Native extension for WindowsStandalone target not found
Native extension for OSXStandalone target not found
Refreshing native plugins compatible for Editor in 1.26 ms, found 1 plugins.
Preloading 0 native plugins for Editor in 0.00 ms.
Invoked RoslynAnalysisRunner static constructor.
RoslynAnalysisRunner will not be running.
RoslynAnalysisRunner has terminated.
Mono: successfully reloaded assembly
- Completed reload, in  1.786 seconds
Platform modules already initialized, skipping
========================================================================
Worker process is ready to serve import requests
Launching external process: /Applications/2020.3.1f1/Unity.app/Contents/Tools/UnityShaderCompiler
Launched and connected shader compiler UnityShaderCompiler after 0.03 seconds
Refreshing native plugins compatible for Editor in 0.72 ms, found 1 plugins.
Preloading 0 native plugins for Editor in 0.00 ms.
Unloading 1362 Unused Serialized files (Serialized files now loaded: 0)
System memory in use before: 126.0 MB.
System memory in use after: 126.1 MB.

Unloading 14 unused Assets to reduce memory usage. Loaded Objects now: 1802.
Total: 4.924770 ms (FindLiveObjects: 0.284833 ms CreateObjectMapping: 0.097048 ms MarkObjects: 4.420324 ms  DeleteObjects: 0.119737 ms)

